  Agent.cpp
d:\facultate\semestrul 2\programare orientata pe obiecte\the shootout\agent.cpp(111): warning C4996: 'strcpy': This function or variable may be unsafe. Consider using strcpy_s instead. To disable deprecation, use _CRT_SECURE_NO_WARNINGS. See online help for details.
  c:\program files (x86)\windows kits\10\include\10.0.16299.0\ucrt\string.h(132): note: see declaration of 'strcpy'
d:\facultate\semestrul 2\programare orientata pe obiecte\the shootout\agent.cpp(172): warning C4996: 'strcpy': This function or variable may be unsafe. Consider using strcpy_s instead. To disable deprecation, use _CRT_SECURE_NO_WARNINGS. See online help for details.
  c:\program files (x86)\windows kits\10\include\10.0.16299.0\ucrt\string.h(132): note: see declaration of 'strcpy'
d:\facultate\semestrul 2\programare orientata pe obiecte\the shootout\agent.cpp(186): warning C4996: 'itoa': The POSIX name for this item is deprecated. Instead, use the ISO C and C++ conformant name: _itoa. See online help for details.
  c:\program files (x86)\windows kits\10\include\10.0.16299.0\ucrt\stdlib.h(1334): note: see declaration of 'itoa'
d:\facultate\semestrul 2\programare orientata pe obiecte\the shootout\agent.cpp(193): warning C4996: 'strcpy': This function or variable may be unsafe. Consider using strcpy_s instead. To disable deprecation, use _CRT_SECURE_NO_WARNINGS. See online help for details.
  c:\program files (x86)\windows kits\10\include\10.0.16299.0\ucrt\string.h(132): note: see declaration of 'strcpy'
d:\facultate\semestrul 2\programare orientata pe obiecte\the shootout\agent.cpp(194): warning C4996: 'strcat': This function or variable may be unsafe. Consider using strcat_s instead. To disable deprecation, use _CRT_SECURE_NO_WARNINGS. See online help for details.
  c:\program files (x86)\windows kits\10\include\10.0.16299.0\ucrt\string.h(89): note: see declaration of 'strcat'
  AgentSecret.cpp
  Arma.cpp
d:\facultate\semestrul 2\programare orientata pe obiecte\the shootout\arma.cpp(31): warning C4996: 'strcpy': This function or variable may be unsafe. Consider using strcpy_s instead. To disable deprecation, use _CRT_SECURE_NO_WARNINGS. See online help for details.
  c:\program files (x86)\windows kits\10\include\10.0.16299.0\ucrt\string.h(132): note: see declaration of 'strcpy'
  Armura.cpp
d:\facultate\semestrul 2\programare orientata pe obiecte\the shootout\armura.cpp(29): warning C4996: 'strcpy': This function or variable may be unsafe. Consider using strcpy_s instead. To disable deprecation, use _CRT_SECURE_NO_WARNINGS. See online help for details.
  c:\program files (x86)\windows kits\10\include\10.0.16299.0\ucrt\string.h(132): note: see declaration of 'strcpy'
  GameController.cpp
d:\facultate\semestrul 2\programare orientata pe obiecte\the shootout\gamecontroller.cpp(210): warning C4244: 'argument': conversion from 'time_t' to 'unsigned int', possible loss of data
  Katana.cpp
  Ninja.cpp
  Pistol.cpp
  Samurai.cpp
  Shuriken.cpp
  main.cpp
  Generating Code...
d:\facultate\semestrul 2\programare orientata pe obiecte\the shootout\katana.cpp(59): warning C4715: 'Katana::AlegeActiune': not all control paths return a value
  The Shootout.vcxproj -> D:\FACULTATE\Semestrul 2\Programare Orientata pe Obiecte\The_Shootout (VS)\Debug\The Shootout.exe
